

Started GET "/assets/rails.png" for 127.0.0.1 at 2013-09-16 19:01:40 +0530
Connecting to database specified by database.yml

SQLite3::CantOpenException (unable to open database file):
  activerecord (3.2.14.rc2) lib/active_record/connection_adapters/sqlite3_adapter.rb:26:in `initialize'
  activerecord (3.2.14.rc2) lib/active_record/connection_adapters/sqlite3_adapter.rb:26:in `new'
  activerecord (3.2.14.rc2) lib/active_record/connection_adapters/sqlite3_adapter.rb:26:in `sqlite3_connection'
  activerecord (3.2.14.rc2) lib/active_record/connection_adapters/abstract/connection_pool.rb:315:in `new_connection'
  activerecord (3.2.14.rc2) lib/active_record/connection_adapters/abstract/connection_pool.rb:325:in `checkout_new_connection'
  activerecord (3.2.14.rc2) lib/active_record/connection_adapters/abstract/connection_pool.rb:247:in `block (2 levels) in checkout'
  activerecord (3.2.14.rc2) lib/active_record/connection_adapters/abstract/connection_pool.rb:242:in `loop'
  activerecord (3.2.14.rc2) lib/active_record/connection_adapters/abstract/connection_pool.rb:242:in `block in checkout'
  /home/pooja/.rvm/rubies/ruby-1.9.2-p320/lib/ruby/1.9.1/monitor.rb:201:in `mon_synchronize'
  activerecord (3.2.14.rc2) lib/active_record/connection_adapters/abstract/connection_pool.rb:239:in `checkout'
  activerecord (3.2.14.rc2) lib/active_record/connection_adapters/abstract/connection_pool.rb:102:in `block in connection'
  /home/pooja/.rvm/rubies/ruby-1.9.2-p320/lib/ruby/1.9.1/monitor.rb:201:in `mon_synchronize'
  activerecord (3.2.14.rc2) lib/active_record/connection_adapters/abstract/connection_pool.rb:101:in `connection'
  activerecord (3.2.14.rc2) lib/active_record/connection_adapters/abstract/connection_pool.rb:410:in `retrieve_connection'
  activerecord (3.2.14.rc2) lib/active_record/connection_adapters/abstract/connection_specification.rb:171:in `retrieve_connection'
  activerecord (3.2.14.rc2) lib/active_record/connection_adapters/abstract/connection_specification.rb:145:in `connection'
  activerecord (3.2.14.rc2) lib/active_record/query_cache.rb:67:in `rescue in call'
  activerecord (3.2.14.rc2) lib/active_record/query_cache.rb:61:in `call'
  activerecord (3.2.14.rc2) lib/active_record/connection_adapters/abstract/connection_pool.rb:479:in `call'
  actionpack (3.2.14.rc2) lib/action_dispatch/middleware/callbacks.rb:28:in `block in call'
  activesupport (3.2.14.rc2) lib/active_support/callbacks.rb:405:in `_run__534663060__call__501428203__callbacks'
  activesupport (3.2.14.rc2) lib/active_support/callbacks.rb:405:in `__run_callback'
  activesupport (3.2.14.rc2) lib/active_support/callbacks.rb:385:in `_run_call_callbacks'
  activesupport (3.2.14.rc2) lib/active_support/callbacks.rb:81:in `run_callbacks'
  actionpack (3.2.14.rc2) lib/action_dispatch/middleware/callbacks.rb:27:in `call'
  actionpack (3.2.14.rc2) lib/action_dispatch/middleware/reloader.rb:65:in `call'
  actionpack (3.2.14.rc2) lib/action_dispatch/middleware/remote_ip.rb:31:in `call'
  actionpack (3.2.14.rc2) lib/action_dispatch/middleware/debug_exceptions.rb:16:in `call'
  actionpack (3.2.14.rc2) lib/action_dispatch/middleware/show_exceptions.rb:56:in `call'
  railties (3.2.14.rc2) lib/rails/rack/logger.rb:32:in `call_app'
  railties (3.2.14.rc2) lib/rails/rack/logger.rb:16:in `block in call'
  activesupport (3.2.14.rc2) lib/active_support/tagged_logging.rb:22:in `tagged'
  railties (3.2.14.rc2) lib/rails/rack/logger.rb:16:in `call'
  actionpack (3.2.14.rc2) lib/action_dispatch/middleware/request_id.rb:22:in `call'
  rack (1.4.5) lib/rack/methodoverride.rb:21:in `call'
  rack (1.4.5) lib/rack/runtime.rb:17:in `call'
  activesupport (3.2.14.rc2) lib/active_support/cache/strategy/local_cache.rb:72:in `call'
  rack (1.4.5) lib/rack/lock.rb:15:in `call'
  actionpack (3.2.14.rc2) lib/action_dispatch/middleware/static.rb:63:in `call'
  railties (3.2.14.rc2) lib/rails/engine.rb:484:in `call'
  railties (3.2.14.rc2) lib/rails/application.rb:231:in `call'
  rack (1.4.5) lib/rack/content_length.rb:14:in `call'
  railties (3.2.14.rc2) lib/rails/rack/log_tailer.rb:17:in `call'
  rack (1.4.5) lib/rack/handler/webrick.rb:59:in `service'
  /home/pooja/.rvm/rubies/ruby-1.9.2-p320/lib/ruby/1.9.1/webrick/httpserver.rb:111:in `service'
  /home/pooja/.rvm/rubies/ruby-1.9.2-p320/lib/ruby/1.9.1/webrick/httpserver.rb:70:in `run'
  /home/pooja/.rvm/rubies/ruby-1.9.2-p320/lib/ruby/1.9.1/webrick/server.rb:183:in `block in start_thread'


  Rendered /home/pooja/.rvm/gems/ruby-1.9.2-p320/gems/actionpack-3.2.14.rc2/lib/action_dispatch/middleware/templates/rescues/_trace.erb (1.8ms)
  Rendered /home/pooja/.rvm/gems/ruby-1.9.2-p320/gems/actionpack-3.2.14.rc2/lib/action_dispatch/middleware/templates/rescues/_request_and_response.erb (4.7ms)
  Rendered /home/pooja/.rvm/gems/ruby-1.9.2-p320/gems/actionpack-3.2.14.rc2/lib/action_dispatch/middleware/templates/rescues/diagnostics.erb within rescues/layout (19.9ms)
Connecting to database specified by database.yml
Connecting to database specified by database.yml
Connecting to database specified by database.yml
  [1m[36m (0.1ms)[0m  [1mselect sqlite_version(*)[0m
  [1m[35m (175.1ms)[0m  CREATE TABLE "schema_migrations" ("version" varchar(255) NOT NULL) 
  [1m[36m (111.6ms)[0m  [1mCREATE UNIQUE INDEX "unique_schema_migrations" ON "schema_migrations" ("version")[0m
  [1m[35m (0.1ms)[0m  SELECT "schema_migrations"."version" FROM "schema_migrations" 
Migrating to CreateCategories (20130916133435)
  [1m[36m (0.1ms)[0m  [1mbegin transaction[0m
  [1m[35m (0.6ms)[0m  CREATE TABLE "categories" ("id" INTEGER PRIMARY KEY AUTOINCREMENT NOT NULL, "name" varchar(255), "created_at" datetime NOT NULL, "updated_at" datetime NOT NULL) 
  [1m[36m (0.1ms)[0m  [1mINSERT INTO "schema_migrations" ("version") VALUES ('20130916133435')[0m
  [1m[35m (128.0ms)[0m  commit transaction
  [1m[36m (0.1ms)[0m  [1mSELECT "schema_migrations"."version" FROM "schema_migrations" [0m
